<?xml version="1.0" encoding="UTF-8"?>
<testsuite xmlns:xsi="http://www.w3.org/2001/XMLSchema-instance" xsi:noNamespaceSchemaLocation="https://maven.apache.org/surefire/maven-surefire-plugin/xsd/surefire-test-report-3.0.xsd" version="3.0" name="com.megacitycab.dao.UserDAOTest" time="0.7" tests="1" errors="1" skipped="0" failures="0">
  <properties>
    <property name="java.specification.version" value="21"/>
    <property name="sun.cpu.isalist" value="amd64"/>
    <property name="sun.jnu.encoding" value="Cp1252"/>
    <property name="java.class.path" value="C:\megacitycab (2)\megacitycab\target\test-classes;C:\megacitycab (2)\megacitycab\target\classes;C:\Users\Poorna Sajiwani\.m2\repository\jakarta\platform\jakarta.jakartaee-api\11.0.0-M1\jakarta.jakartaee-api-11.0.0-M1.jar;C:\Users\Poorna Sajiwani\.m2\repository\jakarta\platform\jakarta.jakartaee-web-api\11.0.0-M1\jakarta.jakartaee-web-api-11.0.0-M1.jar;C:\Users\Poorna Sajiwani\.m2\repository\jakarta\servlet\jsp\jakarta.servlet.jsp-api\4.0.0-M1\jakarta.servlet.jsp-api-4.0.0-M1.jar;C:\Users\Poorna Sajiwani\.m2\repository\jakarta\data\jakarta-data-api\1.0.0-M1\jakarta-data-api-1.0.0-M1.jar;C:\Users\Poorna Sajiwani\.m2\repository\jakarta\enterprise\jakarta.enterprise.cdi-el-api\4.1.0-M1\jakarta.enterprise.cdi-el-api-4.1.0-M1.jar;C:\Users\Poorna Sajiwani\.m2\repository\jakarta\faces\jakarta.faces-api\4.1.0-M1\jakarta.faces-api-4.1.0-M1.jar;C:\Users\Poorna Sajiwani\.m2\repository\jakarta\websocket\jakarta.websocket-api\2.2.0-M1\jakarta.websocket-api-2.2.0-M1.jar;C:\Users\Poorna Sajiwani\.m2\repository\jakarta\websocket\jakarta.websocket-client-api\2.2.0-M1\jakarta.websocket-client-api-2.2.0-M1.jar;C:\Users\Poorna Sajiwani\.m2\repository\jakarta\ejb\jakarta.ejb-api\4.0.1\jakarta.ejb-api-4.0.1.jar;C:\Users\Poorna Sajiwani\.m2\repository\jakarta\transaction\jakarta.transaction-api\2.0.1\jakarta.transaction-api-2.0.1.jar;C:\Users\Poorna Sajiwani\.m2\repository\jakarta\persistence\jakarta.persistence-api\3.2.0-M1\jakarta.persistence-api-3.2.0-M1.jar;C:\Users\Poorna Sajiwani\.m2\repository\jakarta\validation\jakarta.validation-api\3.1.0-M1\jakarta.validation-api-3.1.0-M1.jar;C:\Users\Poorna Sajiwani\.m2\repository\jakarta\authentication\jakarta.authentication-api\3.1.0-M1\jakarta.authentication-api-3.1.0-M1.jar;C:\Users\Poorna Sajiwani\.m2\repository\jakarta\security\enterprise\jakarta.security.enterprise-api\4.0.0-M1\jakarta.security.enterprise-api-4.0.0-M1.jar;C:\Users\Poorna Sajiwani\.m2\repository\jakarta\enterprise\concurrent\jakarta.enterprise.concurrent-api\3.1.0-M1\jakarta.enterprise.concurrent-api-3.1.0-M1.jar;C:\Users\Poorna Sajiwani\.m2\repository\jakarta\platform\jakarta.jakartaee-core-api\11.0.0-M1\jakarta.jakartaee-core-api-11.0.0-M1.jar;C:\Users\Poorna Sajiwani\.m2\repository\jakarta\annotation\jakarta.annotation-api\3.0.0-M1\jakarta.annotation-api-3.0.0-M1.jar;C:\Users\Poorna Sajiwani\.m2\repository\jakarta\interceptor\jakarta.interceptor-api\2.2.0-M1\jakarta.interceptor-api-2.2.0-M1.jar;C:\Users\Poorna Sajiwani\.m2\repository\jakarta\enterprise\jakarta.enterprise.cdi-api\4.1.0-M1\jakarta.enterprise.cdi-api-4.1.0-M1.jar;C:\Users\Poorna Sajiwani\.m2\repository\jakarta\enterprise\jakarta.enterprise.lang-model\4.1.0-M1\jakarta.enterprise.lang-model-4.1.0-M1.jar;C:\Users\Poorna Sajiwani\.m2\repository\jakarta\jms\jakarta.jms-api\3.1.0\jakarta.jms-api-3.1.0.jar;C:\Users\Poorna Sajiwani\.m2\repository\jakarta\activation\jakarta.activation-api\2.1.2\jakarta.activation-api-2.1.2.jar;C:\Users\Poorna Sajiwani\.m2\repository\jakarta\mail\jakarta.mail-api\2.1.2\jakarta.mail-api-2.1.2.jar;C:\Users\Poorna Sajiwani\.m2\repository\jakarta\resource\jakarta.resource-api\2.1.0\jakarta.resource-api-2.1.0.jar;C:\Users\Poorna Sajiwani\.m2\repository\jakarta\authorization\jakarta.authorization-api\3.0.0-M1\jakarta.authorization-api-3.0.0-M1.jar;C:\Users\Poorna Sajiwani\.m2\repository\jakarta\batch\jakarta.batch-api\2.1.1\jakarta.batch-api-2.1.1.jar;C:\Users\Poorna Sajiwani\.m2\repository\jakarta\servlet\jsp\jstl\jakarta.servlet.jsp.jstl-api\2.0.0\jakarta.servlet.jsp.jstl-api-2.0.0.jar;C:\Users\Poorna Sajiwani\.m2\repository\jakarta\el\jakarta.el-api\4.0.0\jakarta.el-api-4.0.0.jar;C:\Users\Poorna Sajiwani\.m2\repository\jakarta\xml\bind\jakarta.xml.bind-api\3.0.0\jakarta.xml.bind-api-3.0.0.jar;C:\Users\Poorna Sajiwani\.m2\repository\com\sun\activation\jakarta.activation\2.0.0\jakarta.activation-2.0.0.jar;C:\Users\Poorna Sajiwani\.m2\repository\org\glassfish\web\jakarta.servlet.jsp.jstl\2.0.0\jakarta.servlet.jsp.jstl-2.0.0.jar;C:\Users\Poorna Sajiwani\.m2\repository\javax\servlet\jstl\1.2\jstl-1.2.jar;C:\Users\Poorna Sajiwani\.m2\repository\javax\servlet\jsp\jstl\javax.servlet.jsp.jstl-api\1.2.2\javax.servlet.jsp.jstl-api-1.2.2.jar;C:\Users\Poorna Sajiwani\.m2\repository\javax\servlet\javax.servlet-api\4.0.1\javax.servlet-api-4.0.1.jar;C:\Users\Poorna Sajiwani\.m2\repository\com\mysql\mysql-connector-j\8.0.33\mysql-connector-j-8.0.33.jar;C:\Users\Poorna Sajiwani\.m2\repository\com\google\protobuf\protobuf-java\3.21.9\protobuf-java-3.21.9.jar;C:\Users\Poorna Sajiwani\.m2\repository\jakarta\ws\rs\jakarta.ws.rs-api\3.1.0\jakarta.ws.rs-api-3.1.0.jar;C:\Users\Poorna Sajiwani\.m2\repository\org\eclipse\yasson\3.0.3\yasson-3.0.3.jar;C:\Users\Poorna Sajiwani\.m2\repository\jakarta\json\bind\jakarta.json.bind-api\3.0.0\jakarta.json.bind-api-3.0.0.jar;C:\Users\Poorna Sajiwani\.m2\repository\jakarta\json\jakarta.json-api\2.1.0\jakarta.json-api-2.1.0.jar;C:\Users\Poorna Sajiwani\.m2\repository\org\eclipse\parsson\parsson\1.1.0\parsson-1.1.0.jar;C:\Users\Poorna Sajiwani\.m2\repository\org\glassfish\jersey\containers\jersey-container-servlet\3.1.1\jersey-container-servlet-3.1.1.jar;C:\Users\Poorna Sajiwani\.m2\repository\org\glassfish\jersey\containers\jersey-container-servlet-core\3.1.1\jersey-container-servlet-core-3.1.1.jar;C:\Users\Poorna Sajiwani\.m2\repository\org\glassfish\jersey\core\jersey-common\3.1.1\jersey-common-3.1.1.jar;C:\Users\Poorna Sajiwani\.m2\repository\org\glassfish\hk2\osgi-resource-locator\1.0.3\osgi-resource-locator-1.0.3.jar;C:\Users\Poorna Sajiwani\.m2\repository\org\glassfish\jersey\core\jersey-server\3.1.1\jersey-server-3.1.1.jar;C:\Users\Poorna Sajiwani\.m2\repository\org\glassfish\jersey\core\jersey-client\3.1.1\jersey-client-3.1.1.jar;C:\Users\Poorna Sajiwani\.m2\repository\org\glassfish\jersey\inject\jersey-hk2\3.1.1\jersey-hk2-3.1.1.jar;C:\Users\Poorna Sajiwani\.m2\repository\org\glassfish\hk2\hk2-locator\3.0.3\hk2-locator-3.0.3.jar;C:\Users\Poorna Sajiwani\.m2\repository\org\javassist\javassist\3.29.0-GA\javassist-3.29.0-GA.jar;C:\Users\Poorna Sajiwani\.m2\repository\jakarta\servlet\jakarta.servlet-api\5.0.0\jakarta.servlet-api-5.0.0.jar;C:\Users\Poorna Sajiwani\.m2\repository\org\glassfish\jaxb\jaxb-runtime\4.0.2\jaxb-runtime-4.0.2.jar;C:\Users\Poorna Sajiwani\.m2\repository\org\glassfish\jaxb\jaxb-core\4.0.2\jaxb-core-4.0.2.jar;C:\Users\Poorna Sajiwani\.m2\repository\org\eclipse\angus\angus-activation\2.0.0\angus-activation-2.0.0.jar;C:\Users\Poorna Sajiwani\.m2\repository\org\glassfish\jaxb\txw2\4.0.2\txw2-4.0.2.jar;C:\Users\Poorna Sajiwani\.m2\repository\com\sun\istack\istack-commons-runtime\4.1.1\istack-commons-runtime-4.1.1.jar;C:\Users\Poorna Sajiwani\.m2\repository\org\glassfish\jersey\media\jersey-media-json-jackson\3.1.1\jersey-media-json-jackson-3.1.1.jar;C:\Users\Poorna Sajiwani\.m2\repository\org\glassfish\jersey\ext\jersey-entity-filtering\3.1.1\jersey-entity-filtering-3.1.1.jar;C:\Users\Poorna Sajiwani\.m2\repository\com\fasterxml\jackson\core\jackson-annotations\2.14.1\jackson-annotations-2.14.1.jar;C:\Users\Poorna Sajiwani\.m2\repository\com\fasterxml\jackson\core\jackson-databind\2.14.1\jackson-databind-2.14.1.jar;C:\Users\Poorna Sajiwani\.m2\repository\com\fasterxml\jackson\core\jackson-core\2.14.1\jackson-core-2.14.1.jar;C:\Users\Poorna Sajiwani\.m2\repository\com\fasterxml\jackson\module\jackson-module-jakarta-xmlbind-annotations\2.14.1\jackson-module-jakarta-xmlbind-annotations-2.14.1.jar;C:\Users\Poorna Sajiwani\.m2\repository\org\glassfish\hk2\hk2-api\3.1.1\hk2-api-3.1.1.jar;C:\Users\Poorna Sajiwani\.m2\repository\jakarta\inject\jakarta.inject-api\2.0.1\jakarta.inject-api-2.0.1.jar;C:\Users\Poorna Sajiwani\.m2\repository\org\glassfish\hk2\hk2-utils\3.1.1\hk2-utils-3.1.1.jar;C:\Users\Poorna Sajiwani\.m2\repository\org\glassfish\hk2\external\aopalliance-repackaged\3.1.1\aopalliance-repackaged-3.1.1.jar;C:\Users\Poorna Sajiwani\.m2\repository\org\junit\jupiter\junit-jupiter-api\5.10.3\junit-jupiter-api-5.10.3.jar;C:\Users\Poorna Sajiwani\.m2\repository\org\opentest4j\opentest4j\1.3.0\opentest4j-1.3.0.jar;C:\Users\Poorna Sajiwani\.m2\repository\org\junit\platform\junit-platform-commons\1.10.3\junit-platform-commons-1.10.3.jar;C:\Users\Poorna Sajiwani\.m2\repository\org\apiguardian\apiguardian-api\1.1.2\apiguardian-api-1.1.2.jar;C:\Users\Poorna Sajiwani\.m2\repository\org\junit\jupiter\junit-jupiter-params\5.10.3\junit-jupiter-params-5.10.3.jar;C:\Users\Poorna Sajiwani\.m2\repository\org\junit\jupiter\junit-jupiter-engine\5.10.3\junit-jupiter-engine-5.10.3.jar;C:\Users\Poorna Sajiwani\.m2\repository\org\junit\platform\junit-platform-engine\1.10.3\junit-platform-engine-1.10.3.jar;"/>
    <property name="java.vm.vendor" value="Oracle Corporation"/>
    <property name="sun.arch.data.model" value="64"/>
    <property name="user.variant" value=""/>
    <property name="java.vendor.url" value="https://java.oracle.com/"/>
    <property name="user.timezone" value="Asia/Colombo"/>
    <property name="os.name" value="Windows 11"/>
    <property name="java.vm.specification.version" value="21"/>
    <property name="user.country" value="US"/>
    <property name="sun.java.launcher" value="SUN_STANDARD"/>
    <property name="sun.boot.library.path" value="C:\Program Files\Java\jdk-21\bin"/>
    <property name="sun.java.command" value="C:\Users\Poorna Sajiwani\AppData\Local\Temp\surefire8125322715363141113\surefirebooter-20250314134109729_3.jar C:\Users\Poorna Sajiwani\AppData\Local\Temp\surefire8125322715363141113 2025-03-14T13-41-09_536-jvmRun1 surefire-20250314134109729_1tmp surefire_0-20250314134109729_2tmp"/>
    <property name="jdk.debug" value="release"/>
    <property name="test" value="com.megacitycab.dao.UserDAOTest"/>
    <property name="surefire.test.class.path" value="C:\megacitycab (2)\megacitycab\target\test-classes;C:\megacitycab (2)\megacitycab\target\classes;C:\Users\Poorna Sajiwani\.m2\repository\jakarta\platform\jakarta.jakartaee-api\11.0.0-M1\jakarta.jakartaee-api-11.0.0-M1.jar;C:\Users\Poorna Sajiwani\.m2\repository\jakarta\platform\jakarta.jakartaee-web-api\11.0.0-M1\jakarta.jakartaee-web-api-11.0.0-M1.jar;C:\Users\Poorna Sajiwani\.m2\repository\jakarta\servlet\jsp\jakarta.servlet.jsp-api\4.0.0-M1\jakarta.servlet.jsp-api-4.0.0-M1.jar;C:\Users\Poorna Sajiwani\.m2\repository\jakarta\data\jakarta-data-api\1.0.0-M1\jakarta-data-api-1.0.0-M1.jar;C:\Users\Poorna Sajiwani\.m2\repository\jakarta\enterprise\jakarta.enterprise.cdi-el-api\4.1.0-M1\jakarta.enterprise.cdi-el-api-4.1.0-M1.jar;C:\Users\Poorna Sajiwani\.m2\repository\jakarta\faces\jakarta.faces-api\4.1.0-M1\jakarta.faces-api-4.1.0-M1.jar;C:\Users\Poorna Sajiwani\.m2\repository\jakarta\websocket\jakarta.websocket-api\2.2.0-M1\jakarta.websocket-api-2.2.0-M1.jar;C:\Users\Poorna Sajiwani\.m2\repository\jakarta\websocket\jakarta.websocket-client-api\2.2.0-M1\jakarta.websocket-client-api-2.2.0-M1.jar;C:\Users\Poorna Sajiwani\.m2\repository\jakarta\ejb\jakarta.ejb-api\4.0.1\jakarta.ejb-api-4.0.1.jar;C:\Users\Poorna Sajiwani\.m2\repository\jakarta\transaction\jakarta.transaction-api\2.0.1\jakarta.transaction-api-2.0.1.jar;C:\Users\Poorna Sajiwani\.m2\repository\jakarta\persistence\jakarta.persistence-api\3.2.0-M1\jakarta.persistence-api-3.2.0-M1.jar;C:\Users\Poorna Sajiwani\.m2\repository\jakarta\validation\jakarta.validation-api\3.1.0-M1\jakarta.validation-api-3.1.0-M1.jar;C:\Users\Poorna Sajiwani\.m2\repository\jakarta\authentication\jakarta.authentication-api\3.1.0-M1\jakarta.authentication-api-3.1.0-M1.jar;C:\Users\Poorna Sajiwani\.m2\repository\jakarta\security\enterprise\jakarta.security.enterprise-api\4.0.0-M1\jakarta.security.enterprise-api-4.0.0-M1.jar;C:\Users\Poorna Sajiwani\.m2\repository\jakarta\enterprise\concurrent\jakarta.enterprise.concurrent-api\3.1.0-M1\jakarta.enterprise.concurrent-api-3.1.0-M1.jar;C:\Users\Poorna Sajiwani\.m2\repository\jakarta\platform\jakarta.jakartaee-core-api\11.0.0-M1\jakarta.jakartaee-core-api-11.0.0-M1.jar;C:\Users\Poorna Sajiwani\.m2\repository\jakarta\annotation\jakarta.annotation-api\3.0.0-M1\jakarta.annotation-api-3.0.0-M1.jar;C:\Users\Poorna Sajiwani\.m2\repository\jakarta\interceptor\jakarta.interceptor-api\2.2.0-M1\jakarta.interceptor-api-2.2.0-M1.jar;C:\Users\Poorna Sajiwani\.m2\repository\jakarta\enterprise\jakarta.enterprise.cdi-api\4.1.0-M1\jakarta.enterprise.cdi-api-4.1.0-M1.jar;C:\Users\Poorna Sajiwani\.m2\repository\jakarta\enterprise\jakarta.enterprise.lang-model\4.1.0-M1\jakarta.enterprise.lang-model-4.1.0-M1.jar;C:\Users\Poorna Sajiwani\.m2\repository\jakarta\jms\jakarta.jms-api\3.1.0\jakarta.jms-api-3.1.0.jar;C:\Users\Poorna Sajiwani\.m2\repository\jakarta\activation\jakarta.activation-api\2.1.2\jakarta.activation-api-2.1.2.jar;C:\Users\Poorna Sajiwani\.m2\repository\jakarta\mail\jakarta.mail-api\2.1.2\jakarta.mail-api-2.1.2.jar;C:\Users\Poorna Sajiwani\.m2\repository\jakarta\resource\jakarta.resource-api\2.1.0\jakarta.resource-api-2.1.0.jar;C:\Users\Poorna Sajiwani\.m2\repository\jakarta\authorization\jakarta.authorization-api\3.0.0-M1\jakarta.authorization-api-3.0.0-M1.jar;C:\Users\Poorna Sajiwani\.m2\repository\jakarta\batch\jakarta.batch-api\2.1.1\jakarta.batch-api-2.1.1.jar;C:\Users\Poorna Sajiwani\.m2\repository\jakarta\servlet\jsp\jstl\jakarta.servlet.jsp.jstl-api\2.0.0\jakarta.servlet.jsp.jstl-api-2.0.0.jar;C:\Users\Poorna Sajiwani\.m2\repository\jakarta\el\jakarta.el-api\4.0.0\jakarta.el-api-4.0.0.jar;C:\Users\Poorna Sajiwani\.m2\repository\jakarta\xml\bind\jakarta.xml.bind-api\3.0.0\jakarta.xml.bind-api-3.0.0.jar;C:\Users\Poorna Sajiwani\.m2\repository\com\sun\activation\jakarta.activation\2.0.0\jakarta.activation-2.0.0.jar;C:\Users\Poorna Sajiwani\.m2\repository\org\glassfish\web\jakarta.servlet.jsp.jstl\2.0.0\jakarta.servlet.jsp.jstl-2.0.0.jar;C:\Users\Poorna Sajiwani\.m2\repository\javax\servlet\jstl\1.2\jstl-1.2.jar;C:\Users\Poorna Sajiwani\.m2\repository\javax\servlet\jsp\jstl\javax.servlet.jsp.jstl-api\1.2.2\javax.servlet.jsp.jstl-api-1.2.2.jar;C:\Users\Poorna Sajiwani\.m2\repository\javax\servlet\javax.servlet-api\4.0.1\javax.servlet-api-4.0.1.jar;C:\Users\Poorna Sajiwani\.m2\repository\com\mysql\mysql-connector-j\8.0.33\mysql-connector-j-8.0.33.jar;C:\Users\Poorna Sajiwani\.m2\repository\com\google\protobuf\protobuf-java\3.21.9\protobuf-java-3.21.9.jar;C:\Users\Poorna Sajiwani\.m2\repository\jakarta\ws\rs\jakarta.ws.rs-api\3.1.0\jakarta.ws.rs-api-3.1.0.jar;C:\Users\Poorna Sajiwani\.m2\repository\org\eclipse\yasson\3.0.3\yasson-3.0.3.jar;C:\Users\Poorna Sajiwani\.m2\repository\jakarta\json\bind\jakarta.json.bind-api\3.0.0\jakarta.json.bind-api-3.0.0.jar;C:\Users\Poorna Sajiwani\.m2\repository\jakarta\json\jakarta.json-api\2.1.0\jakarta.json-api-2.1.0.jar;C:\Users\Poorna Sajiwani\.m2\repository\org\eclipse\parsson\parsson\1.1.0\parsson-1.1.0.jar;C:\Users\Poorna Sajiwani\.m2\repository\org\glassfish\jersey\containers\jersey-container-servlet\3.1.1\jersey-container-servlet-3.1.1.jar;C:\Users\Poorna Sajiwani\.m2\repository\org\glassfish\jersey\containers\jersey-container-servlet-core\3.1.1\jersey-container-servlet-core-3.1.1.jar;C:\Users\Poorna Sajiwani\.m2\repository\org\glassfish\jersey\core\jersey-common\3.1.1\jersey-common-3.1.1.jar;C:\Users\Poorna Sajiwani\.m2\repository\org\glassfish\hk2\osgi-resource-locator\1.0.3\osgi-resource-locator-1.0.3.jar;C:\Users\Poorna Sajiwani\.m2\repository\org\glassfish\jersey\core\jersey-server\3.1.1\jersey-server-3.1.1.jar;C:\Users\Poorna Sajiwani\.m2\repository\org\glassfish\jersey\core\jersey-client\3.1.1\jersey-client-3.1.1.jar;C:\Users\Poorna Sajiwani\.m2\repository\org\glassfish\jersey\inject\jersey-hk2\3.1.1\jersey-hk2-3.1.1.jar;C:\Users\Poorna Sajiwani\.m2\repository\org\glassfish\hk2\hk2-locator\3.0.3\hk2-locator-3.0.3.jar;C:\Users\Poorna Sajiwani\.m2\repository\org\javassist\javassist\3.29.0-GA\javassist-3.29.0-GA.jar;C:\Users\Poorna Sajiwani\.m2\repository\jakarta\servlet\jakarta.servlet-api\5.0.0\jakarta.servlet-api-5.0.0.jar;C:\Users\Poorna Sajiwani\.m2\repository\org\glassfish\jaxb\jaxb-runtime\4.0.2\jaxb-runtime-4.0.2.jar;C:\Users\Poorna Sajiwani\.m2\repository\org\glassfish\jaxb\jaxb-core\4.0.2\jaxb-core-4.0.2.jar;C:\Users\Poorna Sajiwani\.m2\repository\org\eclipse\angus\angus-activation\2.0.0\angus-activation-2.0.0.jar;C:\Users\Poorna Sajiwani\.m2\repository\org\glassfish\jaxb\txw2\4.0.2\txw2-4.0.2.jar;C:\Users\Poorna Sajiwani\.m2\repository\com\sun\istack\istack-commons-runtime\4.1.1\istack-commons-runtime-4.1.1.jar;C:\Users\Poorna Sajiwani\.m2\repository\org\glassfish\jersey\media\jersey-media-json-jackson\3.1.1\jersey-media-json-jackson-3.1.1.jar;C:\Users\Poorna Sajiwani\.m2\repository\org\glassfish\jersey\ext\jersey-entity-filtering\3.1.1\jersey-entity-filtering-3.1.1.jar;C:\Users\Poorna Sajiwani\.m2\repository\com\fasterxml\jackson\core\jackson-annotations\2.14.1\jackson-annotations-2.14.1.jar;C:\Users\Poorna Sajiwani\.m2\repository\com\fasterxml\jackson\core\jackson-databind\2.14.1\jackson-databind-2.14.1.jar;C:\Users\Poorna Sajiwani\.m2\repository\com\fasterxml\jackson\core\jackson-core\2.14.1\jackson-core-2.14.1.jar;C:\Users\Poorna Sajiwani\.m2\repository\com\fasterxml\jackson\module\jackson-module-jakarta-xmlbind-annotations\2.14.1\jackson-module-jakarta-xmlbind-annotations-2.14.1.jar;C:\Users\Poorna Sajiwani\.m2\repository\org\glassfish\hk2\hk2-api\3.1.1\hk2-api-3.1.1.jar;C:\Users\Poorna Sajiwani\.m2\repository\jakarta\inject\jakarta.inject-api\2.0.1\jakarta.inject-api-2.0.1.jar;C:\Users\Poorna Sajiwani\.m2\repository\org\glassfish\hk2\hk2-utils\3.1.1\hk2-utils-3.1.1.jar;C:\Users\Poorna Sajiwani\.m2\repository\org\glassfish\hk2\external\aopalliance-repackaged\3.1.1\aopalliance-repackaged-3.1.1.jar;C:\Users\Poorna Sajiwani\.m2\repository\org\junit\jupiter\junit-jupiter-api\5.10.3\junit-jupiter-api-5.10.3.jar;C:\Users\Poorna Sajiwani\.m2\repository\org\opentest4j\opentest4j\1.3.0\opentest4j-1.3.0.jar;C:\Users\Poorna Sajiwani\.m2\repository\org\junit\platform\junit-platform-commons\1.10.3\junit-platform-commons-1.10.3.jar;C:\Users\Poorna Sajiwani\.m2\repository\org\apiguardian\apiguardian-api\1.1.2\apiguardian-api-1.1.2.jar;C:\Users\Poorna Sajiwani\.m2\repository\org\junit\jupiter\junit-jupiter-params\5.10.3\junit-jupiter-params-5.10.3.jar;C:\Users\Poorna Sajiwani\.m2\repository\org\junit\jupiter\junit-jupiter-engine\5.10.3\junit-jupiter-engine-5.10.3.jar;C:\Users\Poorna Sajiwani\.m2\repository\org\junit\platform\junit-platform-engine\1.10.3\junit-platform-engine-1.10.3.jar;"/>
    <property name="sun.cpu.endian" value="little"/>
    <property name="user.home" value="C:\Users\Poorna Sajiwani"/>
    <property name="user.language" value="en"/>
    <property name="java.specification.vendor" value="Oracle Corporation"/>
    <property name="java.version.date" value="2024-10-15"/>
    <property name="java.home" value="C:\Program Files\Java\jdk-21"/>
    <property name="file.separator" value="\"/>
    <property name="basedir" value="C:\megacitycab (2)\megacitycab"/>
    <property name="java.vm.compressedOopsMode" value="32-bit"/>
    <property name="line.separator" value="&#10;"/>
    <property name="java.vm.specification.vendor" value="Oracle Corporation"/>
    <property name="java.specification.name" value="Java Platform API Specification"/>
    <property name="surefire.real.class.path" value="C:\Users\Poorna Sajiwani\AppData\Local\Temp\surefire8125322715363141113\surefirebooter-20250314134109729_3.jar"/>
    <property name="user.script" value=""/>
    <property name="sun.management.compiler" value="HotSpot 64-Bit Tiered Compilers"/>
    <property name="java.runtime.version" value="21.0.5+9-LTS-239"/>
    <property name="user.name" value="Poorna Sajiwani"/>
    <property name="stdout.encoding" value="Cp1252"/>
    <property name="path.separator" value=";"/>
    <property name="os.version" value="10.0"/>
    <property name="java.runtime.name" value="Java(TM) SE Runtime Environment"/>
    <property name="file.encoding" value="UTF-8"/>
    <property name="java.vm.name" value="Java HotSpot(TM) 64-Bit Server VM"/>
    <property name="maven.ext.class.path" value="C:\Program Files\NetBeans-23\netbeans\java\maven-nblib\netbeans-eventspy.jar"/>
    <property name="localRepository" value="C:\Users\Poorna Sajiwani\.m2\repository"/>
    <property name="java.vendor.url.bug" value="https://bugreport.java.com/bugreport/"/>
    <property name="java.io.tmpdir" value="C:\Users\POORNA~1\AppData\Local\Temp\"/>
    <property name="java.version" value="21.0.5"/>
    <property name="user.dir" value="C:\megacitycab (2)\megacitycab"/>
    <property name="os.arch" value="amd64"/>
    <property name="java.vm.specification.name" value="Java Virtual Machine Specification"/>
    <property name="sun.os.patch.level" value=""/>
    <property name="native.encoding" value="Cp1252"/>
    <property name="java.library.path" value="C:\Program Files\Java\jdk-21\bin;C:\WINDOWS\Sun\Java\bin;C:\WINDOWS\system32;C:\WINDOWS;C:\Program Files\Common Files\Oracle\Java\javapath;C:\WINDOWS\system32;C:\WINDOWS;C:\WINDOWS\System32\Wbem;C:\WINDOWS\System32\WindowsPowerShell\v1.0\;C:\WINDOWS\System32\OpenSSH\;C:\Program Files\dotnet\;C:\Program Files\Microsoft SQL Server\Client SDK\ODBC\170\Tools\Binn\;C:\Program Files (x86)\Microsoft SQL Server\160\DTS\Binn\;C:\Program Files (x86)\Microsoft SQL Server\160\Tools\Binn\;C:\Program Files\Microsoft SQL Server\160\Tools\Binn\;C:\Program Files\Microsoft SQL Server\160\DTS\Binn\;C:\Program Files\Git\cmd;C:\apache-maven-3.9.9\bin;C:\Program Files\Java\jdk-21\bin;C:\apache-tomcat-11.0.5\bin;C:\Users\Poorna Sajiwani\AppData\Local\Microsoft\WindowsApps;C:\Users\Poorna Sajiwani\AppData\Local\Programs\Microsoft VS Code\bin;C:\Users\Poorna Sajiwani\.dotnet\tools;C:\Users\Poorna Sajiwani\AppData\Local\GitHubDesktop\bin;."/>
    <property name="java.vm.info" value="mixed mode, sharing"/>
    <property name="stderr.encoding" value="Cp1252"/>
    <property name="java.vendor" value="Oracle Corporation"/>
    <property name="java.vm.version" value="21.0.5+9-LTS-239"/>
    <property name="sun.io.unicode.encoding" value="UnicodeLittle"/>
    <property name="java.class.version" value="65.0"/>
  </properties>
  <testcase name="testCreateUser" classname="com.megacitycab.dao.UserDAOTest" time="0.621">
    <error message="Data truncation: Incorrect integer value: &apos;&apos; for column `poornacab`.`users`.`us_contact_no` at row 1" type="com.mysql.cj.jdbc.exceptions.MysqlDataTruncation"><![CDATA[com.mysql.cj.jdbc.exceptions.MysqlDataTruncation: Data truncation: Incorrect integer value: '' for column `poornacab`.`users`.`us_contact_no` at row 1
	at com.mysql.cj.jdbc.exceptions.SQLExceptionsMapping.translateException(SQLExceptionsMapping.java:104)
	at com.mysql.cj.jdbc.ClientPreparedStatement.executeInternal(ClientPreparedStatement.java:916)
	at com.mysql.cj.jdbc.ClientPreparedStatement.executeUpdateInternal(ClientPreparedStatement.java:1061)
	at com.mysql.cj.jdbc.ClientPreparedStatement.executeUpdateInternal(ClientPreparedStatement.java:1009)
	at com.mysql.cj.jdbc.ClientPreparedStatement.executeLargeUpdate(ClientPreparedStatement.java:1320)
	at com.mysql.cj.jdbc.ClientPreparedStatement.executeUpdate(ClientPreparedStatement.java:994)
	at com.megacitycab.dao.UserDAO.createUser(UserDAO.java:60)
	at com.megacitycab.dao.UserDAOTest.testCreateUser(UserDAOTest.java:71)
	at java.base/java.lang.reflect.Method.invoke(Method.java:580)
	at java.base/java.util.ArrayList.forEach(ArrayList.java:1596)
	at java.base/java.util.ArrayList.forEach(ArrayList.java:1596)
]]></error>
    <system-out><![CDATA[createUser
]]></system-out>
  </testcase>
</testsuite>